2020-08-02 01:09:41.927  INFO 54904 --- [main] c.g.s.SpringBoot03LoggingApplication     : Starting SpringBoot03LoggingApplication on kaiyideMacBook-Pro.local with PID 54904 (/Users/kaiyiwang/Code/atguigu/spring-boot-03-logging/target/classes started by kaiyiwang in /Users/kaiyiwang/Code/atguigu/spring-boot-03-logging)
2020-08-02 01:09:41.944 DEBUG 54904 --- [main] c.g.s.SpringBoot03LoggingApplication     : Running with Spring Boot v2.3.2.RELEASE, Spring v5.2.8.RELEASE
2020-08-02 01:09:41.946  INFO 54904 --- [main] c.g.s.SpringBoot03LoggingApplication     : No active profile set, falling back to default profiles: default
2020-08-02 01:09:45.094  INFO 54904 --- [main] o.s.b.w.embedded.tomcat.TomcatWebServer  : Tomcat initialized with port(s): 8080 (http)
2020-08-02 01:09:45.117  INFO 54904 --- [main] o.apache.catalina.core.StandardService   : Starting service [Tomcat]
2020-08-02 01:09:45.118  INFO 54904 --- [main] org.apache.catalina.core.StandardEngine  : Starting Servlet engine: [Apache Tomcat/9.0.37]
2020-08-02 01:09:45.481  INFO 54904 --- [main] o.a.c.c.C.[Tomcat].[localhost].[/]       : Initializing Spring embedded WebApplicationContext
2020-08-02 01:09:45.482  INFO 54904 --- [main] w.s.c.ServletWebServerApplicationContext : Root WebApplicationContext: initialization completed in 3416 ms
2020-08-02 01:09:45.990  INFO 54904 --- [main] o.s.s.concurrent.ThreadPoolTaskExecutor  : Initializing ExecutorService 'applicationTaskExecutor'
2020-08-02 01:09:46.497  INFO 54904 --- [main] o.s.b.w.embedded.tomcat.TomcatWebServer  : Tomcat started on port(s): 8080 (http) with context path ''
2020-08-02 01:09:46.525  INFO 54904 --- [main] c.g.s.SpringBoot03LoggingApplication     : Started SpringBoot03LoggingApplication in 5.853 seconds (JVM running for 8.258)
2020-08-02 01:10:39.927  INFO 54904 --- [SpringContextShutdownHook] o.s.s.concurrent.ThreadPoolTaskExecutor  : Shutting down ExecutorService 'applicationTaskExecutor'
2020-08-02 01:10:53.186  INFO 55541 --- [main] c.g.s.SpringBoot03LoggingApplication     : Starting SpringBoot03LoggingApplication on kaiyideMacBook-Pro.local with PID 55541 (/Users/kaiyiwang/Code/atguigu/spring-boot-03-logging/target/classes started by kaiyiwang in /Users/kaiyiwang/Code/atguigu/spring-boot-03-logging)
2020-08-02 01:10:53.193 DEBUG 55541 --- [main] c.g.s.SpringBoot03LoggingApplication     : Running with Spring Boot v2.3.2.RELEASE, Spring v5.2.8.RELEASE
2020-08-02 01:10:53.195  INFO 55541 --- [main] c.g.s.SpringBoot03LoggingApplication     : No active profile set, falling back to default profiles: default
2020-08-02 01:10:56.411  INFO 55541 --- [main] o.s.b.w.embedded.tomcat.TomcatWebServer  : Tomcat initialized with port(s): 8080 (http)
2020-08-02 01:10:56.428  INFO 55541 --- [main] o.apache.catalina.core.StandardService   : Starting service [Tomcat]
2020-08-02 01:10:56.429  INFO 55541 --- [main] org.apache.catalina.core.StandardEngine  : Starting Servlet engine: [Apache Tomcat/9.0.37]
2020-08-02 01:10:56.664  INFO 55541 --- [main] o.a.c.c.C.[Tomcat].[localhost].[/]       : Initializing Spring embedded WebApplicationContext
2020-08-02 01:10:56.665  INFO 55541 --- [main] w.s.c.ServletWebServerApplicationContext : Root WebApplicationContext: initialization completed in 3327 ms
2020-08-02 01:10:57.365  INFO 55541 --- [main] o.s.s.concurrent.ThreadPoolTaskExecutor  : Initializing ExecutorService 'applicationTaskExecutor'
2020-08-02 01:10:57.922  INFO 55541 --- [main] o.s.b.w.embedded.tomcat.TomcatWebServer  : Tomcat started on port(s): 8080 (http) with context path ''
2020-08-02 01:10:57.950  INFO 55541 --- [main] c.g.s.SpringBoot03LoggingApplication     : Started SpringBoot03LoggingApplication in 5.973 seconds (JVM running for 8.297)
2020-08-02 02:08:46.418  INFO 55541 --- [SpringContextShutdownHook] o.s.s.concurrent.ThreadPoolTaskExecutor  : Shutting down ExecutorService 'applicationTaskExecutor'
